
*** Running vivado
    with args -log au_top_0.vds -m64 -product Vivado -mode batch -messageDb vivado.pb -notrace -source au_top_0.tcl



****** Vivado v2020.1 (64-bit)
  **** SW Build 2902540 on Wed May 27 19:54:49 MDT 2020
  **** IP Build 2902112 on Wed May 27 22:43:36 MDT 2020
    ** Copyright 1986-2020 Xilinx, Inc. All Rights Reserved.

source au_top_0.tcl -notrace
Command: synth_design -top au_top_0 -part xc7a35tftg256-1
Starting synth_design
Attempting to get a license for feature 'Synthesis' and/or device 'xc7a35t'
INFO: [Common 17-349] Got license for feature 'Synthesis' and/or device 'xc7a35t'
INFO: [Device 21-403] Loading part xc7a35tftg256-1
INFO: [Synth 8-7079] Multithreading enabled for synth_design using a maximum of 2 processes.
INFO: [Synth 8-7078] Launching helper process for spawning children vivado processes
INFO: [Synth 8-7075] Helper process launched with PID 23248
---------------------------------------------------------------------------------
Starting RTL Elaboration : Time (s): cpu = 00:00:06 ; elapsed = 00:00:06 . Memory (MB): peak = 1013.445 ; gain = 0.000
---------------------------------------------------------------------------------
INFO: [Synth 8-6157] synthesizing module 'au_top_0' [C:/Users/Li/Documents/GitHub/CS-1D-ALU/CS_1D_ALU/work/vivado/CS_1D_ALU/CS_1D_ALU.srcs/sources_1/imports/verilog/au_top_0.v:7]
INFO: [Synth 8-6157] synthesizing module 'boole_1' [C:/Users/Li/Documents/GitHub/CS-1D-ALU/CS_1D_ALU/work/vivado/CS_1D_ALU/CS_1D_ALU.srcs/sources_1/imports/verilog/boole_1.v:7]
INFO: [Synth 8-6155] done synthesizing module 'boole_1' (1#1) [C:/Users/Li/Documents/GitHub/CS-1D-ALU/CS_1D_ALU/work/vivado/CS_1D_ALU/CS_1D_ALU.srcs/sources_1/imports/verilog/boole_1.v:7]
INFO: [Synth 8-6157] synthesizing module 'shift_2' [C:/Users/Li/Documents/GitHub/CS-1D-ALU/CS_1D_ALU/work/vivado/CS_1D_ALU/CS_1D_ALU.srcs/sources_1/imports/verilog/shift_2.v:7]
INFO: [Synth 8-6155] done synthesizing module 'shift_2' (2#1) [C:/Users/Li/Documents/GitHub/CS-1D-ALU/CS_1D_ALU/work/vivado/CS_1D_ALU/CS_1D_ALU.srcs/sources_1/imports/verilog/shift_2.v:7]
INFO: [Synth 8-6157] synthesizing module 'arithmetic_3' [C:/Users/Li/Documents/GitHub/CS-1D-ALU/CS_1D_ALU/work/vivado/CS_1D_ALU/CS_1D_ALU.srcs/sources_1/imports/verilog/arithmetic_3.v:7]
INFO: [Synth 8-6155] done synthesizing module 'arithmetic_3' (3#1) [C:/Users/Li/Documents/GitHub/CS-1D-ALU/CS_1D_ALU/work/vivado/CS_1D_ALU/CS_1D_ALU.srcs/sources_1/imports/verilog/arithmetic_3.v:7]
INFO: [Synth 8-6157] synthesizing module 'compare_4' [C:/Users/Li/Documents/GitHub/CS-1D-ALU/CS_1D_ALU/work/vivado/CS_1D_ALU/CS_1D_ALU.srcs/sources_1/imports/verilog/compare_4.v:7]
INFO: [Synth 8-6155] done synthesizing module 'compare_4' (4#1) [C:/Users/Li/Documents/GitHub/CS-1D-ALU/CS_1D_ALU/work/vivado/CS_1D_ALU/CS_1D_ALU.srcs/sources_1/imports/verilog/compare_4.v:7]
INFO: [Synth 8-6157] synthesizing module 'reset_conditioner_5' [C:/Users/Li/Documents/GitHub/CS-1D-ALU/CS_1D_ALU/work/vivado/CS_1D_ALU/CS_1D_ALU.srcs/sources_1/imports/verilog/reset_conditioner_5.v:11]
	Parameter STAGES bound to: 3'b100 
INFO: [Synth 8-6155] done synthesizing module 'reset_conditioner_5' (5#1) [C:/Users/Li/Documents/GitHub/CS-1D-ALU/CS_1D_ALU/work/vivado/CS_1D_ALU/CS_1D_ALU.srcs/sources_1/imports/verilog/reset_conditioner_5.v:11]
INFO: [Synth 8-6157] synthesizing module 'store16_6' [C:/Users/Li/Documents/GitHub/CS-1D-ALU/CS_1D_ALU/work/vivado/CS_1D_ALU/CS_1D_ALU.srcs/sources_1/imports/verilog/store16_6.v:7]
INFO: [Synth 8-6155] done synthesizing module 'store16_6' (6#1) [C:/Users/Li/Documents/GitHub/CS-1D-ALU/CS_1D_ALU/work/vivado/CS_1D_ALU/CS_1D_ALU.srcs/sources_1/imports/verilog/store16_6.v:7]
INFO: [Synth 8-6155] done synthesizing module 'au_top_0' (7#1) [C:/Users/Li/Documents/GitHub/CS-1D-ALU/CS_1D_ALU/work/vivado/CS_1D_ALU/CS_1D_ALU.srcs/sources_1/imports/verilog/au_top_0.v:7]
---------------------------------------------------------------------------------
Finished RTL Elaboration : Time (s): cpu = 00:00:08 ; elapsed = 00:00:08 . Memory (MB): peak = 1013.445 ; gain = 0.000
---------------------------------------------------------------------------------
---------------------------------------------------------------------------------
Start Handling Custom Attributes
---------------------------------------------------------------------------------
---------------------------------------------------------------------------------
Finished Handling Custom Attributes : Time (s): cpu = 00:00:08 ; elapsed = 00:00:09 . Memory (MB): peak = 1013.445 ; gain = 0.000
---------------------------------------------------------------------------------
---------------------------------------------------------------------------------
Finished RTL Optimization Phase 1 : Time (s): cpu = 00:00:08 ; elapsed = 00:00:09 . Memory (MB): peak = 1013.445 ; gain = 0.000
---------------------------------------------------------------------------------
Netlist sorting complete. Time (s): cpu = 00:00:00 ; elapsed = 00:00:00.008 . Memory (MB): peak = 1013.445 ; gain = 0.000
INFO: [Project 1-570] Preparing netlist for logic optimization

Processing XDC Constraints
Initializing timing engine
Parsing XDC File [C:/Users/Li/Documents/GitHub/CS-1D-ALU/CS_1D_ALU/work/constraint/alchitry.xdc]
Finished Parsing XDC File [C:/Users/Li/Documents/GitHub/CS-1D-ALU/CS_1D_ALU/work/constraint/alchitry.xdc]
INFO: [Project 1-236] Implementation specific constraints were found while reading constraint file [C:/Users/Li/Documents/GitHub/CS-1D-ALU/CS_1D_ALU/work/constraint/alchitry.xdc]. These constraints will be ignored for synthesis but will be used in implementation. Impacted constraints are listed in the file [.Xil/au_top_0_propImpl.xdc].
Resolution: To avoid this warning, move constraints listed in [.Xil/au_top_0_propImpl.xdc] to another XDC file and exclude this new file from synthesis with the used_in_synthesis property (File Properties dialog in GUI) and re-run elaboration/synthesis.
Parsing XDC File [C:/Users/Li/Documents/GitHub/CS-1D-ALU/CS_1D_ALU/work/constraint/io.xdc]
Finished Parsing XDC File [C:/Users/Li/Documents/GitHub/CS-1D-ALU/CS_1D_ALU/work/constraint/io.xdc]
INFO: [Project 1-236] Implementation specific constraints were found while reading constraint file [C:/Users/Li/Documents/GitHub/CS-1D-ALU/CS_1D_ALU/work/constraint/io.xdc]. These constraints will be ignored for synthesis but will be used in implementation. Impacted constraints are listed in the file [.Xil/au_top_0_propImpl.xdc].
Resolution: To avoid this warning, move constraints listed in [.Xil/au_top_0_propImpl.xdc] to another XDC file and exclude this new file from synthesis with the used_in_synthesis property (File Properties dialog in GUI) and re-run elaboration/synthesis.
Parsing XDC File [C:/Program Files/Alchitry/Alchitry Labs/library/components/au.xdc]
Finished Parsing XDC File [C:/Program Files/Alchitry/Alchitry Labs/library/components/au.xdc]
Completed Processing XDC Constraints

Netlist sorting complete. Time (s): cpu = 00:00:00 ; elapsed = 00:00:00 . Memory (MB): peak = 1013.445 ; gain = 0.000
INFO: [Project 1-111] Unisim Transformation Summary:
No Unisim elements were transformed.

Constraint Validation Runtime : Time (s): cpu = 00:00:00 ; elapsed = 00:00:00.014 . Memory (MB): peak = 1013.445 ; gain = 0.000
---------------------------------------------------------------------------------
Finished Constraint Validation : Time (s): cpu = 00:00:18 ; elapsed = 00:00:18 . Memory (MB): peak = 1013.445 ; gain = 0.000
---------------------------------------------------------------------------------
---------------------------------------------------------------------------------
Start Loading Part and Timing Information
---------------------------------------------------------------------------------
Loading part: xc7a35tftg256-1
---------------------------------------------------------------------------------
Finished Loading Part and Timing Information : Time (s): cpu = 00:00:18 ; elapsed = 00:00:18 . Memory (MB): peak = 1013.445 ; gain = 0.000
---------------------------------------------------------------------------------
---------------------------------------------------------------------------------
Start Applying 'set_property' XDC Constraints
---------------------------------------------------------------------------------
---------------------------------------------------------------------------------
Finished applying 'set_property' XDC Constraints : Time (s): cpu = 00:00:18 ; elapsed = 00:00:19 . Memory (MB): peak = 1013.445 ; gain = 0.000
---------------------------------------------------------------------------------
---------------------------------------------------------------------------------
Finished RTL Optimization Phase 2 : Time (s): cpu = 00:00:18 ; elapsed = 00:00:19 . Memory (MB): peak = 1013.445 ; gain = 0.000
---------------------------------------------------------------------------------
---------------------------------------------------------------------------------
Start RTL Component Statistics 
---------------------------------------------------------------------------------
Detailed RTL Component Info : 
+---Adders : 
	   3 Input   16 Bit       Adders := 2     
+---XORs : 
	   2 Input      1 Bit         XORs := 3     
+---Registers : 
	               16 Bit    Registers := 3     
	                4 Bit    Registers := 1     
+---Muxes : 
	   2 Input   16 Bit        Muxes := 21    
	   4 Input   16 Bit        Muxes := 4     
	   2 Input    1 Bit        Muxes := 49    
	   4 Input    1 Bit        Muxes := 1     
---------------------------------------------------------------------------------
Finished RTL Component Statistics 
---------------------------------------------------------------------------------
---------------------------------------------------------------------------------
Start Part Resource Summary
---------------------------------------------------------------------------------
Part Resources:
DSPs: 90 (col length:60)
BRAMs: 100 (col length: RAMB18 60 RAMB36 30)
---------------------------------------------------------------------------------
Finished Part Resource Summary
---------------------------------------------------------------------------------
---------------------------------------------------------------------------------
Start Cross Boundary and Area Optimization
---------------------------------------------------------------------------------
DSP Report: Generating DSP arith/arith0, operation Mode is: A2*B2.
DSP Report: register storB/M_register_1_q_reg is absorbed into DSP arith/arith0.
DSP Report: register storA/M_register_1_q_reg is absorbed into DSP arith/arith0.
DSP Report: operator arith/arith0 is absorbed into DSP arith/arith0.
---------------------------------------------------------------------------------
Finished Cross Boundary and Area Optimization : Time (s): cpu = 00:00:23 ; elapsed = 00:00:24 . Memory (MB): peak = 1013.445 ; gain = 0.000
---------------------------------------------------------------------------------
---------------------------------------------------------------------------------
Start ROM, RAM, DSP and Shift Register Reporting
---------------------------------------------------------------------------------

DSP: Preliminary Mapping	Report (see note below)
+------------+-------------+--------+--------+--------+--------+--------+------+------+------+------+-------+------+------+
|Module Name | DSP Mapping | A Size | B Size | C Size | D Size | P Size | AREG | BREG | CREG | DREG | ADREG | MREG | PREG | 
+------------+-------------+--------+--------+--------+--------+--------+------+------+------+------+-------+------+------+
|au_top_0    | A2*B2       | 16     | 16     | -      | -      | 32     | 1    | 1    | -    | -    | -     | 0    | 0    | 
+------------+-------------+--------+--------+--------+--------+--------+------+------+------+------+-------+------+------+

Note: The table above is a preliminary report that shows the DSPs inferred at the current stage of the synthesis flow. Some DSP may be reimplemented as non DSP primitives later in the synthesis flow. Multiple instantiated DSPs are reported only once.
---------------------------------------------------------------------------------
Finished ROM, RAM, DSP and Shift Register Reporting
---------------------------------------------------------------------------------
---------------------------------------------------------------------------------
Start Applying XDC Timing Constraints
---------------------------------------------------------------------------------
---------------------------------------------------------------------------------
Finished Applying XDC Timing Constraints : Time (s): cpu = 00:00:38 ; elapsed = 00:00:39 . Memory (MB): peak = 1013.445 ; gain = 0.000
---------------------------------------------------------------------------------
---------------------------------------------------------------------------------
Start Timing Optimization
---------------------------------------------------------------------------------
---------------------------------------------------------------------------------
Finished Timing Optimization : Time (s): cpu = 00:00:39 ; elapsed = 00:00:41 . Memory (MB): peak = 1016.797 ; gain = 3.352
---------------------------------------------------------------------------------
---------------------------------------------------------------------------------
Start Technology Mapping
---------------------------------------------------------------------------------
---------------------------------------------------------------------------------
Finished Technology Mapping : Time (s): cpu = 00:00:40 ; elapsed = 00:00:41 . Memory (MB): peak = 1020.785 ; gain = 7.340
---------------------------------------------------------------------------------
---------------------------------------------------------------------------------
Start IO Insertion
---------------------------------------------------------------------------------
---------------------------------------------------------------------------------
Start Flattening Before IO Insertion
---------------------------------------------------------------------------------
---------------------------------------------------------------------------------
Finished Flattening Before IO Insertion
---------------------------------------------------------------------------------
---------------------------------------------------------------------------------
Start Final Netlist Cleanup
---------------------------------------------------------------------------------
---------------------------------------------------------------------------------
Finished Final Netlist Cleanup
---------------------------------------------------------------------------------
---------------------------------------------------------------------------------
Finished IO Insertion : Time (s): cpu = 00:00:45 ; elapsed = 00:00:47 . Memory (MB): peak = 1023.594 ; gain = 10.148
---------------------------------------------------------------------------------
---------------------------------------------------------------------------------
Start Renaming Generated Instances
---------------------------------------------------------------------------------
---------------------------------------------------------------------------------
Finished Renaming Generated Instances : Time (s): cpu = 00:00:45 ; elapsed = 00:00:47 . Memory (MB): peak = 1023.594 ; gain = 10.148
---------------------------------------------------------------------------------
---------------------------------------------------------------------------------
Start Rebuilding User Hierarchy
---------------------------------------------------------------------------------
---------------------------------------------------------------------------------
Finished Rebuilding User Hierarchy : Time (s): cpu = 00:00:45 ; elapsed = 00:00:47 . Memory (MB): peak = 1023.594 ; gain = 10.148
---------------------------------------------------------------------------------
---------------------------------------------------------------------------------
Start Renaming Generated Ports
---------------------------------------------------------------------------------
---------------------------------------------------------------------------------
Finished Renaming Generated Ports : Time (s): cpu = 00:00:45 ; elapsed = 00:00:47 . Memory (MB): peak = 1023.594 ; gain = 10.148
---------------------------------------------------------------------------------
---------------------------------------------------------------------------------
Start Handling Custom Attributes
---------------------------------------------------------------------------------
---------------------------------------------------------------------------------
Finished Handling Custom Attributes : Time (s): cpu = 00:00:45 ; elapsed = 00:00:47 . Memory (MB): peak = 1023.594 ; gain = 10.148
---------------------------------------------------------------------------------
---------------------------------------------------------------------------------
Start Renaming Generated Nets
---------------------------------------------------------------------------------
---------------------------------------------------------------------------------
Finished Renaming Generated Nets : Time (s): cpu = 00:00:45 ; elapsed = 00:00:47 . Memory (MB): peak = 1023.594 ; gain = 10.148
---------------------------------------------------------------------------------
---------------------------------------------------------------------------------
Start Writing Synthesis Report
---------------------------------------------------------------------------------

Report BlackBoxes: 
+-+--------------+----------+
| |BlackBox name |Instances |
+-+--------------+----------+
+-+--------------+----------+

Report Cell Usage: 
+------+--------+------+
|      |Cell    |Count |
+------+--------+------+
|1     |BUFG    |     1|
|2     |CARRY4  |     8|
|3     |DSP48E1 |     1|
|4     |LUT1    |     5|
|5     |LUT2    |    19|
|6     |LUT3    |    28|
|7     |LUT4    |    12|
|8     |LUT5    |    52|
|9     |LUT6    |    72|
|10    |MUXF7   |     9|
|11    |FDRE    |    48|
|12    |FDSE    |     4|
|13    |IBUF    |    28|
|14    |OBUF    |    45|
+------+--------+------+
---------------------------------------------------------------------------------
Finished Writing Synthesis Report : Time (s): cpu = 00:00:45 ; elapsed = 00:00:47 . Memory (MB): peak = 1023.594 ; gain = 10.148
---------------------------------------------------------------------------------
Synthesis finished with 0 errors, 0 critical warnings and 0 warnings.
Synthesis Optimization Runtime : Time (s): cpu = 00:00:34 ; elapsed = 00:00:44 . Memory (MB): peak = 1023.594 ; gain = 10.148
Synthesis Optimization Complete : Time (s): cpu = 00:00:45 ; elapsed = 00:00:48 . Memory (MB): peak = 1023.594 ; gain = 10.148
INFO: [Project 1-571] Translating synthesized netlist
Netlist sorting complete. Time (s): cpu = 00:00:00 ; elapsed = 00:00:00.013 . Memory (MB): peak = 1035.641 ; gain = 0.000
INFO: [Netlist 29-17] Analyzing 18 Unisim elements for replacement
INFO: [Netlist 29-28] Unisim Transformation completed in 0 CPU seconds
INFO: [Project 1-570] Preparing netlist for logic optimization
INFO: [Opt 31-138] Pushed 0 inverter(s) to 0 load pin(s).
Netlist sorting complete. Time (s): cpu = 00:00:00 ; elapsed = 00:00:00 . Memory (MB): peak = 1035.641 ; gain = 0.000
INFO: [Project 1-111] Unisim Transformation Summary:
No Unisim elements were transformed.

INFO: [Common 17-83] Releasing license: Synthesis
30 Infos, 0 Warnings, 0 Critical Warnings and 0 Errors encountered.
synth_design completed successfully
synth_design: Time (s): cpu = 00:00:53 ; elapsed = 00:00:57 . Memory (MB): peak = 1035.641 ; gain = 22.195
INFO: [Common 17-1381] The checkpoint 'C:/Users/Li/Documents/GitHub/CS-1D-ALU/CS_1D_ALU/work/vivado/CS_1D_ALU/CS_1D_ALU.runs/synth_1/au_top_0.dcp' has been generated.
INFO: [runtcl-4] Executing : report_utilization -file au_top_0_utilization_synth.rpt -pb au_top_0_utilization_synth.pb
INFO: [Common 17-206] Exiting Vivado at Sat Oct 31 01:16:40 2020...
